<?xml version="1.0" encoding="UTF-8"?>
<beans xmlns:xsi="http://www.w3.org/2001/XMLSchema-instance"
       xmlns:tx="http://www.springframework.org/schema/tx"
       xmlns="http://www.springframework.org/schema/beans"
       xsi:schemaLocation="http://www.springframework.org/schema/tx
        http://www.springframework.org/schema/tx/spring-tx.xsd
        http://www.springframework.org/schema/beans
       http://www.springframework.org/schema/beans/spring-beans.xsd">

    <tx:annotation-driven/>

    <bean id="namedParameterJdbcTemplate" class="org.springframework.jdbc.core.namedparam.NamedParameterJdbcTemplate">
        <constructor-arg name="dataSource" ref="dataSource"/>
    </bean>

    <bean id="companyDao" class="com.epam.courses.paycom.dao.CompanyDaoJdbcImpl">
        <constructor-arg ref="namedParameterJdbcTemplate"/>
    </bean>

    <bean id="companyService" class="com.epam.courses.paycom.service.CompanyServiceImpl">
        <constructor-arg ref="companyDao"/>
    </bean>

    <bean id="paymentDao" class="com.epam.courses.paycom.dao.PaymentDaoJdbcImpl">
        <constructor-arg ref="namedParameterJdbcTemplate"/>
    </bean>

    <bean id="paymentService" class="com.epam.courses.paycom.service.PaymentServiceImpl">
        <constructor-arg ref="paymentDao"/>
    </bean>

</beans>